[INFO] Application started
[WARNING] Potential issue detected
[ERROR] Critical error occurred
[0] Application started
[1] Potential issue detected
[2] Critical error occurred
[INFO] Application started
[WARNING] Potential issue detected
[ERROR] Critical error occurred
[INFO] This is an info message.
[WARNING] This is a warning message.
[ERROR] This is an error message.
[INFO] This is an info message.
[WARNING] This is a warning message.
[ERROR] This is an error message.
[INFO] This is an info message.
[WARNING] This is a warning message.
[ERROR] This is an error message.
[INFO] This is an info message.
[WARNING] This is a warning message.
[ERROR] This is an error message.
[INFO] This is an info message.
[WARNING] This is a warning message.
[ERROR] This is an error message.
[INFO] This is an info message.
[WARNING] This is a warning message.
[ERROR] This is an error message.
[INFO] This is an info message.
[WARNING] This is a warning message.
[ERROR] This is an error message.
[INFO] This is an info message.
[WARNING] This is a warning message.
[ERROR] This is an error message.
[INFO] This is an info message.
[WARNING] This is a warning message.
[ERROR] This is an error message.
[INFO] This is an info message.
[WARNING] This is a warning message.
[ERROR] This is an error message.
[INFO] This is an info message.
[WARNING] This is a warning message.
[ERROR] This is an error message.
